[debug] [2021-01-23T18:44:22.530Z] ----------------------------------------------------------------------
[debug] [2021-01-23T18:44:22.532Z] Command:       C:\Program Files\nodejs\node.exe C:\Users\RishabhSetiya\AppData\Roaming\npm\node_modules\firebase-tools\lib\bin\firebase.js init
[debug] [2021-01-23T18:44:22.532Z] CLI Version:   9.2.2
[debug] [2021-01-23T18:44:22.533Z] Platform:      win32
[debug] [2021-01-23T18:44:22.533Z] Node Version:  v12.13.1
[debug] [2021-01-23T18:44:22.534Z] Time:          Sun Jan 24 2021 00:14:22 GMT+0530 (India Standard Time)
[debug] [2021-01-23T18:44:22.534Z] ----------------------------------------------------------------------
[debug] [2021-01-23T18:44:22.534Z] 
[debug] [2021-01-23T18:44:22.539Z] > command requires scopes: ["email","openid","https://www.googleapis.com/auth/cloudplatformprojects.readonly","https://www.googleapis.com/auth/firebase","https://www.googleapis.com/auth/cloud-platform"]
[debug] [2021-01-23T18:44:22.539Z] > authorizing via signed-in user
[info] 
     ######## #### ########  ######## ########     ###     ######  ########
     ##        ##  ##     ## ##       ##     ##  ##   ##  ##       ##
     ######    ##  ########  ######   ########  #########  ######  ######
     ##        ##  ##    ##  ##       ##     ## ##     ##       ## ##
     ##       #### ##     ## ######## ########  ##     ##  ######  ########

You're about to initialize a Firebase project in this directory:

  C:\Users\RishabhSetiya\Documents\TWF Login

[info] 
=== Project Setup
[info] 
[info] First, let's associate this project directory with a Firebase project.
[info] You can create multiple project aliases by running firebase use --add, 
[info] but for now we'll just set up a default project.
[info] 
